<?xml version="1.0" encoding="UTF-8" ?>
<testsuite 
errors="0" failures="0" hostname="ManuelCapel-GPU-i7-laptop" name="org.scalatest.junit.JUnitWrapperSuite" tests="0" time="0.027" timestamp="2023-05-09T13:14:52">
  <properties>
    <property name="java.runtime.name" value="Java(TM) SE Runtime Environment">
    </property>
    <property 
    name="sun.boot.library.path" value="C:\Program Files\Java\jdk1.8.0_211\jre\bin">
</property>
    <property name="java.vm.version" value="25.211-b12"/>
    <property name="java.vm.vendor" value="Oracle Corporation"/>
    <property name="java.vendor.url" value="http://java.oracle.com/"/>
    <property name="path.separator" value=";"/>
    <property name="java.vm.name" value="Java HotSpot(TM) 64-Bit Server VM"/>
    <property name="file.encoding.pkg" value="sun.io"/>
    <property name="user.script" value=""/>
    <property name="user.country" value="ES"/>
    <property name="sun.java.launcher" value="SUN_STANDARD"/>
    <property name="sun.os.patch.level" value=""/>
    <property 
    name="java.vm.specification.name" value="Java Virtual Machine Specification">
</property>
    <property name="user.dir" value="C:\Users\Software\workspace-scala\DU"/>
    <property name="java.runtime.version" value="1.8.0_211-b12"/>
    <property 
    name="java.awt.graphicsenv" value="sun.awt.Win32GraphicsEnvironment">
</property>
    <property name="basedir" value="C:\Users\Software\workspace-scala\DU"/>
    <property 
    name="java.endorsed.dirs" value="C:\Program Files\Java\jdk1.8.0_211\jre\lib\endorsed">
</property>
    <property name="os.arch" value="amd64"/>
    <property 
    name="java.io.tmpdir" value="C:\Users\Usuario\AppData\Local\Temp\">
</property>
    <property name="line.separator" value=" "/>
    <property name="java.vm.specification.vendor" value="Oracle Corporation"/>
    <property name="user.variant" value=""/>
    <property name="os.name" value="Windows 10"/>
    <property name="sun.jnu.encoding" value="Cp1252"/>
    <property 
    name="java.library.path" value="C:\Program Files\Java\jdk1.8.0_211\bin;C:\Windows\Sun\Java\bin;C:\Windows\system32;C:\Windows;C:/Program Files/Java/jdk1.8.0_211/bin/../jre/bin/server;C:/Program Files/Java/jdk1.8.0_211/bin/../jre/bin;C:/Program Files/Java/jdk1.8.0_211/bin/../jre/lib/amd64;C:\Program Files\Java\jdk1.8.0_211\bin;C:\Users\Software\Anaconda;C:\Users\Software\Anaconda\Library\mingw-w64\bin;C:\Users\Software\Anaconda\Library\bin;C:\Users\Software\Anaconda\Scripts;C:\Program Files\Common Files\Oracle\Java\javapath;C:\Program Files\NVIDIA GPU Computing Toolkit\CUDA\v12.0\bin;C:\Program Files\NVIDIA GPU Computing Toolkit\CUDA\v12.0\libnvvp;C:\Program Files (x86)\Common Files\Oracle\Java\javapath;C:\Windows\system32;C:\Windows;C:\Windows\System32\Wbem;C:\Windows\System32\WindowsPowerShell\v1.0\;C:\Windows\System32\OpenSSH\;C:\Program Files (x86)\AutoFirma\AutoFirma;C:\Program Files (x86)\NVIDIA Corporation\PhysX\Common;C:\Program Files\NVIDIA Corporation\NVIDIA NvDLISR;C:\Users\Software\GraphViz\bin;C:\Program Files\NVIDIA Corporation\Nsight Compute 2022.4.0\;C:\Users\Software\spark-3.3.1-bin-hadoop3\bin;C:\Users\Software\db-derby-10.14.2.0-bin\bin;C:\Users\Software\MATLAB\R2022b\bin;C:\Users\Software\scala3-3.2.2\bin;C:\Program Files\Git\cmd;C:\Users\Software\scala-2.11.8\bin;C:\Users\Software\PuTTY\;C:\Program Files\MiKTeX\miktex\bin\x64\;C:\Users\Software\IntelliJ\IntelliJ IDEA Community Edition 2023.1.1\bin;C:\Users\Software\scala-4.7.0;;.">
</property>
    <property 
    name="java.specification.name" value="Java Platform API Specification">
</property>
    <property name="java.class.version" value="52.0"/>
    <property 
    name="sun.management.compiler" value="HotSpot 64-Bit Tiered Compilers">
</property>
    <property name="os.version" value="10.0"/>
    <property name="user.home" value="C:\Users\Usuario"/>
    <property name="user.timezone" value=""/>
    <property name="java.awt.printerjob" value="sun.awt.windows.WPrinterJob"/>
    <property name="file.encoding" value="Cp1252"/>
    <property name="java.specification.version" value="1.8"/>
    <property name="user.name" value="Usuario"/>
    <property 
    name="java.class.path" value="C:\Users\Software\workspace-scala\DU\target\test-classes;C:\Users\Software\workspace-scala\DU\target\classes;C:\Users\Usuario\.m2\repository\org\scala-lang\scala-library\2.12.6\scala-library-2.12.6.jar;C:\Users\Usuario\.m2\repository\org\apache\spark\spark-core_2.12\3.3.1\spark-core_2.12-3.3.1.jar;C:\Users\Usuario\.m2\repository\org\apache\avro\avro\1.11.0\avro-1.11.0.jar;C:\Users\Usuario\.m2\repository\com\fasterxml\jackson\core\jackson-core\2.12.5\jackson-core-2.12.5.jar;C:\Users\Usuario\.m2\repository\org\apache\commons\commons-compress\1.21\commons-compress-1.21.jar;C:\Users\Usuario\.m2\repository\org\apache\avro\avro-mapred\1.11.0\avro-mapred-1.11.0.jar;C:\Users\Usuario\.m2\repository\org\apache\avro\avro-ipc\1.11.0\avro-ipc-1.11.0.jar;C:\Users\Usuario\.m2\repository\org\tukaani\xz\1.9\xz-1.9.jar;C:\Users\Usuario\.m2\repository\com\twitter\chill_2.12\0.10.0\chill_2.12-0.10.0.jar;C:\Users\Usuario\.m2\repository\com\esotericsoftware\kryo-shaded\4.0.2\kryo-shaded-4.0.2.jar;C:\Users\Usuario\.m2\repository\com\esotericsoftware\minlog\1.3.0\minlog-1.3.0.jar;C:\Users\Usuario\.m2\repository\org\objenesis\objenesis\2.5.1\objenesis-2.5.1.jar;C:\Users\Usuario\.m2\repository\com\twitter\chill-java\0.10.0\chill-java-0.10.0.jar;C:\Users\Usuario\.m2\repository\org\apache\xbean\xbean-asm9-shaded\4.20\xbean-asm9-shaded-4.20.jar;C:\Users\Usuario\.m2\repository\org\apache\hadoop\hadoop-client-api\3.3.2\hadoop-client-api-3.3.2.jar;C:\Users\Usuario\.m2\repository\org\apache\hadoop\hadoop-client-runtime\3.3.2\hadoop-client-runtime-3.3.2.jar;C:\Users\Usuario\.m2\repository\commons-logging\commons-logging\1.1.3\commons-logging-1.1.3.jar;C:\Users\Usuario\.m2\repository\org\apache\spark\spark-launcher_2.12\3.3.1\spark-launcher_2.12-3.3.1.jar;C:\Users\Usuario\.m2\repository\org\apache\spark\spark-kvstore_2.12\3.3.1\spark-kvstore_2.12-3.3.1.jar;C:\Users\Usuario\.m2\repository\org\fusesource\leveldbjni\leveldbjni-all\1.8\leveldbjni-all-1.8.jar;C:\Users\Usuario\.m2\repository\com\fasterxml\jackson\core\jackson-annotations\2.13.4\jackson-annotations-2.13.4.jar;C:\Users\Usuario\.m2\repository\org\apache\spark\spark-network-common_2.12\3.3.1\spark-network-common_2.12-3.3.1.jar;C:\Users\Usuario\.m2\repository\com\google\crypto\tink\tink\1.6.1\tink-1.6.1.jar;C:\Users\Usuario\.m2\repository\com\google\code\gson\gson\2.8.6\gson-2.8.6.jar;C:\Users\Usuario\.m2\repository\org\apache\spark\spark-unsafe_2.12\3.3.1\spark-unsafe_2.12-3.3.1.jar;C:\Users\Usuario\.m2\repository\javax\activation\activation\1.1.1\activation-1.1.1.jar;C:\Users\Usuario\.m2\repository\org\apache\curator\curator-recipes\2.13.0\curator-recipes-2.13.0.jar;C:\Users\Usuario\.m2\repository\org\apache\curator\curator-framework\2.13.0\curator-framework-2.13.0.jar;C:\Users\Usuario\.m2\repository\org\apache\curator\curator-client\2.13.0\curator-client-2.13.0.jar;C:\Users\Usuario\.m2\repository\com\google\guava\guava\16.0.1\guava-16.0.1.jar;C:\Users\Usuario\.m2\repository\org\apache\zookeeper\zookeeper\3.6.2\zookeeper-3.6.2.jar;C:\Users\Usuario\.m2\repository\commons-lang\commons-lang\2.6\commons-lang-2.6.jar;C:\Users\Usuario\.m2\repository\org\apache\zookeeper\zookeeper-jute\3.6.2\zookeeper-jute-3.6.2.jar;C:\Users\Usuario\.m2\repository\org\apache\yetus\audience-annotations\0.5.0\audience-annotations-0.5.0.jar;C:\Users\Usuario\.m2\repository\jakarta\servlet\jakarta.servlet-api\4.0.3\jakarta.servlet-api-4.0.3.jar;C:\Users\Usuario\.m2\repository\commons-codec\commons-codec\1.15\commons-codec-1.15.jar;C:\Users\Usuario\.m2\repository\org\apache\commons\commons-lang3\3.12.0\commons-lang3-3.12.0.jar;C:\Users\Usuario\.m2\repository\org\apache\commons\commons-math3\3.6.1\commons-math3-3.6.1.jar;C:\Users\Usuario\.m2\repository\org\apache\commons\commons-text\1.9\commons-text-1.9.jar;C:\Users\Usuario\.m2\repository\commons-io\commons-io\2.11.0\commons-io-2.11.0.jar;C:\Users\Usuario\.m2\repository\commons-collections\commons-collections\3.2.2\commons-collections-3.2.2.jar;C:\Users\Usuario\.m2\repository\org\apache\commons\commons-collections4\4.4\commons-collections4-4.4.jar;C:\Users\Usuario\.m2\repository\com\google\code\findbugs\jsr305\3.0.0\jsr305-3.0.0.jar;C:\Users\Usuario\.m2\repository\org\slf4j\slf4j-api\1.7.32\slf4j-api-1.7.32.jar;C:\Users\Usuario\.m2\repository\org\slf4j\jul-to-slf4j\1.7.32\jul-to-slf4j-1.7.32.jar;C:\Users\Usuario\.m2\repository\org\slf4j\jcl-over-slf4j\1.7.32\jcl-over-slf4j-1.7.32.jar;C:\Users\Usuario\.m2\repository\org\apache\logging\log4j\log4j-slf4j-impl\2.17.2\log4j-slf4j-impl-2.17.2.jar;C:\Users\Usuario\.m2\repository\org\apache\logging\log4j\log4j-api\2.17.2\log4j-api-2.17.2.jar;C:\Users\Usuario\.m2\repository\org\apache\logging\log4j\log4j-core\2.17.2\log4j-core-2.17.2.jar;C:\Users\Usuario\.m2\repository\org\apache\logging\log4j\log4j-1.2-api\2.17.2\log4j-1.2-api-2.17.2.jar;C:\Users\Usuario\.m2\repository\com\ning\compress-lzf\1.1\compress-lzf-1.1.jar;C:\Users\Usuario\.m2\repository\org\xerial\snappy\snappy-java\1.1.8.4\snappy-java-1.1.8.4.jar;C:\Users\Usuario\.m2\repository\org\lz4\lz4-java\1.8.0\lz4-java-1.8.0.jar;C:\Users\Usuario\.m2\repository\com\github\luben\zstd-jni\1.5.2-1\zstd-jni-1.5.2-1.jar;C:\Users\Usuario\.m2\repository\org\roaringbitmap\RoaringBitmap\0.9.25\RoaringBitmap-0.9.25.jar;C:\Users\Usuario\.m2\repository\org\roaringbitmap\shims\0.9.25\shims-0.9.25.jar;C:\Users\Usuario\.m2\repository\org\scala-lang\modules\scala-xml_2.12\1.2.0\scala-xml_2.12-1.2.0.jar;C:\Users\Usuario\.m2\repository\org\scala-lang\scala-reflect\2.12.15\scala-reflect-2.12.15.jar;C:\Users\Usuario\.m2\repository\org\json4s\json4s-jackson_2.12\3.7.0-M11\json4s-jackson_2.12-3.7.0-M11.jar;C:\Users\Usuario\.m2\repository\org\json4s\json4s-core_2.12\3.7.0-M11\json4s-core_2.12-3.7.0-M11.jar;C:\Users\Usuario\.m2\repository\org\json4s\json4s-ast_2.12\3.7.0-M11\json4s-ast_2.12-3.7.0-M11.jar;C:\Users\Usuario\.m2\repository\org\json4s\json4s-scalap_2.12\3.7.0-M11\json4s-scalap_2.12-3.7.0-M11.jar;C:\Users\Usuario\.m2\repository\org\glassfish\jersey\core\jersey-client\2.36\jersey-client-2.36.jar;C:\Users\Usuario\.m2\repository\jakarta\ws\rs\jakarta.ws.rs-api\2.1.6\jakarta.ws.rs-api-2.1.6.jar;C:\Users\Usuario\.m2\repository\org\glassfish\hk2\external\jakarta.inject\2.6.1\jakarta.inject-2.6.1.jar;C:\Users\Usuario\.m2\repository\org\glassfish\jersey\core\jersey-common\2.36\jersey-common-2.36.jar;C:\Users\Usuario\.m2\repository\jakarta\annotation\jakarta.annotation-api\1.3.5\jakarta.annotation-api-1.3.5.jar;C:\Users\Usuario\.m2\repository\org\glassfish\hk2\osgi-resource-locator\1.0.3\osgi-resource-locator-1.0.3.jar;C:\Users\Usuario\.m2\repository\org\glassfish\jersey\core\jersey-server\2.36\jersey-server-2.36.jar;C:\Users\Usuario\.m2\repository\jakarta\validation\jakarta.validation-api\2.0.2\jakarta.validation-api-2.0.2.jar;C:\Users\Usuario\.m2\repository\org\glassfish\jersey\containers\jersey-container-servlet\2.36\jersey-container-servlet-2.36.jar;C:\Users\Usuario\.m2\repository\org\glassfish\jersey\containers\jersey-container-servlet-core\2.36\jersey-container-servlet-core-2.36.jar;C:\Users\Usuario\.m2\repository\org\glassfish\jersey\inject\jersey-hk2\2.36\jersey-hk2-2.36.jar;C:\Users\Usuario\.m2\repository\org\glassfish\hk2\hk2-locator\2.6.1\hk2-locator-2.6.1.jar;C:\Users\Usuario\.m2\repository\org\glassfish\hk2\external\aopalliance-repackaged\2.6.1\aopalliance-repackaged-2.6.1.jar;C:\Users\Usuario\.m2\repository\org\glassfish\hk2\hk2-api\2.6.1\hk2-api-2.6.1.jar;C:\Users\Usuario\.m2\repository\org\glassfish\hk2\hk2-utils\2.6.1\hk2-utils-2.6.1.jar;C:\Users\Usuario\.m2\repository\org\javassist\javassist\3.25.0-GA\javassist-3.25.0-GA.jar;C:\Users\Usuario\.m2\repository\io\netty\netty-all\4.1.74.Final\netty-all-4.1.74.Final.jar;C:\Users\Usuario\.m2\repository\io\netty\netty-buffer\4.1.74.Final\netty-buffer-4.1.74.Final.jar;C:\Users\Usuario\.m2\repository\io\netty\netty-codec\4.1.74.Final\netty-codec-4.1.74.Final.jar;C:\Users\Usuario\.m2\repository\io\netty\netty-common\4.1.74.Final\netty-common-4.1.74.Final.jar;C:\Users\Usuario\.m2\repository\io\netty\netty-handler\4.1.74.Final\netty-handler-4.1.74.Final.jar;C:\Users\Usuario\.m2\repository\io\netty\netty-tcnative-classes\2.0.48.Final\netty-tcnative-classes-2.0.48.Final.jar;C:\Users\Usuario\.m2\repository\io\netty\netty-resolver\4.1.74.Final\netty-resolver-4.1.74.Final.jar;C:\Users\Usuario\.m2\repository\io\netty\netty-transport\4.1.74.Final\netty-transport-4.1.74.Final.jar;C:\Users\Usuario\.m2\repository\io\netty\netty-transport-classes-epoll\4.1.74.Final\netty-transport-classes-epoll-4.1.74.Final.jar;C:\Users\Usuario\.m2\repository\io\netty\netty-transport-native-unix-common\4.1.74.Final\netty-transport-native-unix-common-4.1.74.Final.jar;C:\Users\Usuario\.m2\repository\io\netty\netty-transport-classes-kqueue\4.1.74.Final\netty-transport-classes-kqueue-4.1.74.Final.jar;C:\Users\Usuario\.m2\repository\io\netty\netty-transport-native-epoll\4.1.74.Final\netty-transport-native-epoll-4.1.74.Final-linux-x86_64.jar;C:\Users\Usuario\.m2\repository\io\netty\netty-transport-native-epoll\4.1.74.Final\netty-transport-native-epoll-4.1.74.Final-linux-aarch_64.jar;C:\Users\Usuario\.m2\repository\io\netty\netty-transport-native-kqueue\4.1.74.Final\netty-transport-native-kqueue-4.1.74.Final-osx-x86_64.jar;C:\Users\Usuario\.m2\repository\io\netty\netty-transport-native-kqueue\4.1.74.Final\netty-transport-native-kqueue-4.1.74.Final-osx-aarch_64.jar;C:\Users\Usuario\.m2\repository\com\clearspring\analytics\stream\2.9.6\stream-2.9.6.jar;C:\Users\Usuario\.m2\repository\io\dropwizard\metrics\metrics-core\4.2.7\metrics-core-4.2.7.jar;C:\Users\Usuario\.m2\repository\io\dropwizard\metrics\metrics-jvm\4.2.7\metrics-jvm-4.2.7.jar;C:\Users\Usuario\.m2\repository\io\dropwizard\metrics\metrics-json\4.2.7\metrics-json-4.2.7.jar;C:\Users\Usuario\.m2\repository\io\dropwizard\metrics\metrics-graphite\4.2.7\metrics-graphite-4.2.7.jar;C:\Users\Usuario\.m2\repository\io\dropwizard\metrics\metrics-jmx\4.2.7\metrics-jmx-4.2.7.jar;C:\Users\Usuario\.m2\repository\com\fasterxml\jackson\core\jackson-databind\2.13.4.1\jackson-databind-2.13.4.1.jar;C:\Users\Usuario\.m2\repository\com\fasterxml\jackson\module\jackson-module-scala_2.12\2.13.4\jackson-module-scala_2.12-2.13.4.jar;C:\Users\Usuario\.m2\repository\com\thoughtworks\paranamer\paranamer\2.8\paranamer-2.8.jar;C:\Users\Usuario\.m2\repository\org\apache\ivy\ivy\2.5.0\ivy-2.5.0.jar;C:\Users\Usuario\.m2\repository\oro\oro\2.0.8\oro-2.0.8.jar;C:\Users\Usuario\.m2\repository\net\razorvine\pickle\1.2\pickle-1.2.jar;C:\Users\Usuario\.m2\repository\net\sf\py4j\py4j\0.10.9.5\py4j-0.10.9.5.jar;C:\Users\Usuario\.m2\repository\org\apache\spark\spark-tags_2.12\3.3.1\spark-tags_2.12-3.3.1.jar;C:\Users\Usuario\.m2\repository\org\apache\commons\commons-crypto\1.1.0\commons-crypto-1.1.0.jar;C:\Users\Usuario\.m2\repository\org\spark-project\spark\unused\1.0.0\unused-1.0.0.jar;C:\Users\Usuario\.m2\repository\org\apache\spark\spark-sql_2.12\3.3.1\spark-sql_2.12-3.3.1.jar;C:\Users\Usuario\.m2\repository\org\rocksdb\rocksdbjni\6.20.3\rocksdbjni-6.20.3.jar;C:\Users\Usuario\.m2\repository\com\univocity\univocity-parsers\2.9.1\univocity-parsers-2.9.1.jar;C:\Users\Usuario\.m2\repository\org\apache\spark\spark-sketch_2.12\3.3.1\spark-sketch_2.12-3.3.1.jar;C:\Users\Usuario\.m2\repository\org\apache\spark\spark-catalyst_2.12\3.3.1\spark-catalyst_2.12-3.3.1.jar;C:\Users\Usuario\.m2\repository\org\codehaus\janino\janino\3.0.16\janino-3.0.16.jar;C:\Users\Usuario\.m2\repository\org\codehaus\janino\commons-compiler\3.0.16\commons-compiler-3.0.16.jar;C:\Users\Usuario\.m2\repository\org\antlr\antlr4-runtime\4.8\antlr4-runtime-4.8.jar;C:\Users\Usuario\.m2\repository\org\apache\arrow\arrow-vector\7.0.0\arrow-vector-7.0.0.jar;C:\Users\Usuario\.m2\repository\org\apache\arrow\arrow-format\7.0.0\arrow-format-7.0.0.jar;C:\Users\Usuario\.m2\repository\org\apache\arrow\arrow-memory-core\7.0.0\arrow-memory-core-7.0.0.jar;C:\Users\Usuario\.m2\repository\com\google\flatbuffers\flatbuffers-java\1.12.0\flatbuffers-java-1.12.0.jar;C:\Users\Usuario\.m2\repository\org\apache\arrow\arrow-memory-netty\7.0.0\arrow-memory-netty-7.0.0.jar;C:\Users\Usuario\.m2\repository\org\apache\orc\orc-core\1.7.6\orc-core-1.7.6.jar;C:\Users\Usuario\.m2\repository\org\apache\orc\orc-shims\1.7.6\orc-shims-1.7.6.jar;C:\Users\Usuario\.m2\repository\com\google\protobuf\protobuf-java\2.5.0\protobuf-java-2.5.0.jar;C:\Users\Usuario\.m2\repository\io\airlift\aircompressor\0.21\aircompressor-0.21.jar;C:\Users\Usuario\.m2\repository\org\jetbrains\annotations\17.0.0\annotations-17.0.0.jar;C:\Users\Usuario\.m2\repository\org\threeten\threeten-extra\1.5.0\threeten-extra-1.5.0.jar;C:\Users\Usuario\.m2\repository\org\apache\orc\orc-mapreduce\1.7.6\orc-mapreduce-1.7.6.jar;C:\Users\Usuario\.m2\repository\org\apache\hive\hive-storage-api\2.7.2\hive-storage-api-2.7.2.jar;C:\Users\Usuario\.m2\repository\org\apache\parquet\parquet-column\1.12.2\parquet-column-1.12.2.jar;C:\Users\Usuario\.m2\repository\org\apache\parquet\parquet-common\1.12.2\parquet-common-1.12.2.jar;C:\Users\Usuario\.m2\repository\org\apache\parquet\parquet-encoding\1.12.2\parquet-encoding-1.12.2.jar;C:\Users\Usuario\.m2\repository\org\apache\parquet\parquet-hadoop\1.12.2\parquet-hadoop-1.12.2.jar;C:\Users\Usuario\.m2\repository\org\apache\parquet\parquet-format-structures\1.12.2\parquet-format-structures-1.12.2.jar;C:\Users\Usuario\.m2\repository\org\apache\parquet\parquet-jackson\1.12.2\parquet-jackson-1.12.2.jar;C:\Users\Usuario\.m2\repository\org\apache\spark\spark-mllib_2.12\3.3.1\spark-mllib_2.12-3.3.1.jar;C:\Users\Usuario\.m2\repository\org\scala-lang\modules\scala-parser-combinators_2.12\1.1.2\scala-parser-combinators_2.12-1.1.2.jar;C:\Users\Usuario\.m2\repository\org\apache\spark\spark-mllib-local_2.12\3.3.1\spark-mllib-local_2.12-3.3.1.jar;C:\Users\Usuario\.m2\repository\org\scalanlp\breeze_2.12\1.2\breeze_2.12-1.2.jar;C:\Users\Usuario\.m2\repository\org\scalanlp\breeze-macros_2.12\1.2\breeze-macros_2.12-1.2.jar;C:\Users\Usuario\.m2\repository\com\github\fommil\netlib\core\1.1.2\core-1.1.2.jar;C:\Users\Usuario\.m2\repository\net\sf\opencsv\opencsv\2.3\opencsv-2.3.jar;C:\Users\Usuario\.m2\repository\com\github\wendykierp\JTransforms\3.1\JTransforms-3.1.jar;C:\Users\Usuario\.m2\repository\pl\edu\icm\JLargeArrays\1.5\JLargeArrays-1.5.jar;C:\Users\Usuario\.m2\repository\com\chuusai\shapeless_2.12\2.3.3\shapeless_2.12-2.3.3.jar;C:\Users\Usuario\.m2\repository\org\typelevel\macro-compat_2.12\1.1.1\macro-compat_2.12-1.1.1.jar;C:\Users\Usuario\.m2\repository\org\typelevel\spire_2.12\0.17.0\spire_2.12-0.17.0.jar;C:\Users\Usuario\.m2\repository\org\typelevel\spire-macros_2.12\0.17.0\spire-macros_2.12-0.17.0.jar;C:\Users\Usuario\.m2\repository\org\typelevel\spire-platform_2.12\0.17.0\spire-platform_2.12-0.17.0.jar;C:\Users\Usuario\.m2\repository\org\typelevel\spire-util_2.12\0.17.0\spire-util_2.12-0.17.0.jar;C:\Users\Usuario\.m2\repository\org\typelevel\algebra_2.12\2.0.1\algebra_2.12-2.0.1.jar;C:\Users\Usuario\.m2\repository\org\typelevel\cats-kernel_2.12\2.1.1\cats-kernel_2.12-2.1.1.jar;C:\Users\Usuario\.m2\repository\org\scala-lang\modules\scala-collection-compat_2.12\2.1.1\scala-collection-compat_2.12-2.1.1.jar;C:\Users\Usuario\.m2\repository\org\glassfish\jaxb\jaxb-runtime\2.3.2\jaxb-runtime-2.3.2.jar;C:\Users\Usuario\.m2\repository\jakarta\xml\bind\jakarta.xml.bind-api\2.3.2\jakarta.xml.bind-api-2.3.2.jar;C:\Users\Usuario\.m2\repository\com\sun\istack\istack-commons-runtime\3.0.8\istack-commons-runtime-3.0.8.jar;C:\Users\Usuario\.m2\repository\dev\ludovic\netlib\blas\2.2.1\blas-2.2.1.jar;C:\Users\Usuario\.m2\repository\dev\ludovic\netlib\lapack\2.2.1\lapack-2.2.1.jar;C:\Users\Usuario\.m2\repository\dev\ludovic\netlib\arpack\2.2.1\arpack-2.2.1.jar;C:\Users\Usuario\.m2\repository\org\apache\spark\spark-graphx_2.12\3.3.1\spark-graphx_2.12-3.3.1.jar;C:\Users\Usuario\.m2\repository\net\sourceforge\f2j\arpack_combined_all\0.1\arpack_combined_all-0.1.jar;C:\Users\Usuario\.m2\repository\org\apache\spark\spark-yarn_2.12\3.3.1\spark-yarn_2.12-3.3.1.jar;C:\Users\Usuario\.m2\repository\org\apache\spark\spark-network-shuffle_2.12\3.3.1\spark-network-shuffle_2.12-3.3.1.jar;C:\Users\Usuario\.m2\repository\org\apache\spark\spark-streaming_2.12\3.3.1\spark-streaming_2.12-3.3.1.jar;C:\Users\Usuario\.m2\repository\junit\junit\4.12\junit-4.12.jar;C:\Users\Usuario\.m2\repository\org\hamcrest\hamcrest-core\1.3\hamcrest-core-1.3.jar;C:\Users\Usuario\.m2\repository\org\scalatest\scalatest_2.12\3.0.5\scalatest_2.12-3.0.5.jar;C:\Users\Usuario\.m2\repository\org\scalactic\scalactic_2.12\3.0.5\scalactic_2.12-3.0.5.jar;C:\Users\Usuario\.m2\repository\org\specs2\specs2-core_2.12\4.2.0\specs2-core_2.12-4.2.0.jar;C:\Users\Usuario\.m2\repository\org\specs2\specs2-matcher_2.12\4.2.0\specs2-matcher_2.12-4.2.0.jar;C:\Users\Usuario\.m2\repository\org\specs2\specs2-common_2.12\4.2.0\specs2-common_2.12-4.2.0.jar;C:\Users\Usuario\.m2\repository\org\specs2\specs2-fp_2.12\4.2.0\specs2-fp_2.12-4.2.0.jar;C:\Users\Usuario\.m2\repository\org\scala-sbt\test-interface\1.0\test-interface-1.0.jar;C:\Users\Usuario\.m2\repository\org\specs2\specs2-junit_2.12\4.2.0\specs2-junit_2.12-4.2.0.jar">
</property>
    <property name="java.vm.specification.version" value="1.8"/>
    <property name="sun.arch.data.model" value="64"/>
    <property name="java.home" value="C:\Program Files\Java\jdk1.8.0_211\jre"/>
    <property 
    name="sun.java.command" value="org.scalatest.tools.Runner -R C:\Users\Software\workspace-scala\DU\target\classes C:\Users\Software\workspace-scala\DU\target\test-classes -j samples.AppTest -o -f C:\Users\Software\workspace-scala\DU\target\surefire-reports\TestSuiteReport.txt -u C:\Users\Software\workspace-scala\DU\target\surefire-reports\.">
</property>
    <property name="java.specification.vendor" value="Oracle Corporation"/>
    <property name="user.language" value="es"/>
    <property name="awt.toolkit" value="sun.awt.windows.WToolkit"/>
    <property name="java.vm.info" value="mixed mode"/>
    <property name="java.version" value="1.8.0_211"/>
    <property 
    name="java.ext.dirs" value="C:\Program Files\Java\jdk1.8.0_211\jre\lib\ext;C:\Windows\Sun\Java\lib\ext">
</property>
    <property 
    name="sun.boot.class.path" value="C:\Program Files\Java\jdk1.8.0_211\jre\lib\resources.jar;C:\Program Files\Java\jdk1.8.0_211\jre\lib\rt.jar;C:\Program Files\Java\jdk1.8.0_211\jre\lib\sunrsasign.jar;C:\Program Files\Java\jdk1.8.0_211\jre\lib\jsse.jar;C:\Program Files\Java\jdk1.8.0_211\jre\lib\jce.jar;C:\Program Files\Java\jdk1.8.0_211\jre\lib\charsets.jar;C:\Program Files\Java\jdk1.8.0_211\jre\lib\jfr.jar;C:\Program Files\Java\jdk1.8.0_211\jre\classes">
</property>
    <property name="java.vendor" value="Oracle Corporation"/>
    <property name="file.separator" value="\"/>
    <property 
    name="java.vendor.url.bug" value="http://bugreport.sun.com/bugreport/">
</property>
    <property name="sun.cpu.endian" value="little"/>
    <property name="sun.io.unicode.encoding" value="UnicodeLittle"/>
    <property name="sun.desktop" value="windows"/>
    <property name="sun.cpu.isalist" value="amd64"/>
  </properties>
  <system-out><![CDATA[]]></system-out>
  <system-err><![CDATA[]]></system-err>
</testsuite>
